c:\users\matthew\desktop\programming projects\mattboycpp\mattboy\debug\vc141.pdb
c:\users\matthew\desktop\programming projects\mattboycpp\mattboy\debug\vc141.idb
c:\users\matthew\desktop\programming projects\mattboycpp\mattboy\debug\cartridge.obj
c:\users\matthew\desktop\programming projects\mattboycpp\mattboy\debug\cpu.obj
c:\users\matthew\desktop\programming projects\mattboycpp\mattboy\debug\gameboy.obj
c:\users\matthew\desktop\programming projects\mattboycpp\mattboy\debug\gpu.obj
c:\users\matthew\desktop\programming projects\mattboycpp\mattboy\debug\interrupthandler.obj
c:\users\matthew\desktop\programming projects\mattboycpp\mattboy\debug\mattboy.obj
c:\users\matthew\desktop\programming projects\mattboycpp\mattboy\debug\mbcnone.obj
c:\users\matthew\desktop\programming projects\mattboycpp\mattboy\debug\mmu.obj
c:\users\matthew\desktop\programming projects\mattboycpp\mattboy\debug\tile.obj
c:\users\matthew\desktop\programming projects\mattboycpp\mattboy\debug\util.obj
c:\users\matthew\desktop\programming projects\mattboycpp\debug\mattboy.exe
c:\users\matthew\desktop\programming projects\mattboycpp\debug\mattboy.ilk
c:\users\matthew\desktop\programming projects\mattboycpp\debug\mattboy.pdb
c:\users\matthew\desktop\programming projects\mattboycpp\mattboy\debug\mattboy.tlog\cl.command.1.tlog
c:\users\matthew\desktop\programming projects\mattboycpp\mattboy\debug\mattboy.tlog\cl.read.1.tlog
c:\users\matthew\desktop\programming projects\mattboycpp\mattboy\debug\mattboy.tlog\cl.write.1.tlog
c:\users\matthew\desktop\programming projects\mattboycpp\mattboy\debug\mattboy.tlog\link.command.1.tlog
c:\users\matthew\desktop\programming projects\mattboycpp\mattboy\debug\mattboy.tlog\link.read.1.tlog
c:\users\matthew\desktop\programming projects\mattboycpp\mattboy\debug\mattboy.tlog\link.write.1.tlog
